2026-03-06 13:22:32,105 [INFO] Activator:176 - 


2026-03-06 13:22:32,118 [INFO] Activator:177 - !SESSION log4j initialized
2026-03-06 13:22:48,700 [INFO] LogOutputStream:77 - [STDOUT_REDIRECT] 
2026-03-06 13:23:00,783 [INFO] ApplicationProperties:184 - Using Application install path: D:\ST\STM32CubeIDE_1.19.0\STM32CubeIDE\plugins\com.st.stm32cube.common.mx_6.15.0.202507011659
2026-03-06 13:23:00,821 [INFO] DbMcusXml:78 - Set database path to: D:\ST\STM32CubeIDE_1.19.0\STM32CubeIDE\plugins\com.st.stm32cube.common.mx_6.15.0.202507011659\\db\/mcu/
2026-03-06 13:23:00,821 [INFO] ApiDb:274 - Set plugin database path to: D:\ST\STM32CubeIDE_1.19.0\STM32CubeIDE\plugins\com.st.stm32cube.common.mx_6.15.0.202507011659\\db\/plugins/boardmanager/
2026-03-06 13:23:00,822 [WARN] ApiDb:259 - Overriding images path with different value:  => D:\ST\STM32CubeIDE_1.19.0\STM32CubeIDE\plugins\com.st.stm32cube.common.mx_6.15.0.202507011659\\db\/plugins/mcufinder/images/
2026-03-06 13:23:00,840 [INFO] ApiDb:250 - Set database path to: C:\Users\bruno\.stmcufinder\plugins\mcufinder//mcu/
2026-03-06 13:23:00,842 [INFO] DbMcusAds:125 - Set database path to: C:\Users\bruno\.stmcufinder\plugins\mcufinder//mcu/
2026-03-06 13:23:00,978 [INFO] CrossReferenceDbSqlite:203 - Set database path to: C:\Users\bruno\.stmcufinder\plugins\mcufinder//mcu/cs/
2026-03-06 13:23:01,272 [INFO] RulesReader:64 - Compatibility file has been processed (317 Rules)
2026-03-06 13:23:01,502 [INFO] DbMcusXml:78 - Set database path to: D:\ST\STM32CubeIDE_1.19.0\STM32CubeIDE\plugins\com.st.stm32cube.common.mx_6.15.0.202507011659\\db\/mcu/
2026-03-06 13:23:01,502 [INFO] ApiDb:274 - Set plugin database path to: D:\ST\STM32CubeIDE_1.19.0\STM32CubeIDE\plugins\com.st.stm32cube.common.mx_6.15.0.202507011659\\db\/plugins/boardmanager/
2026-03-06 13:23:01,503 [INFO] ApiDb:261 - Set plugin images path to: D:\ST\STM32CubeIDE_1.19.0\STM32CubeIDE\plugins\com.st.stm32cube.common.mx_6.15.0.202507011659\\db\/plugins/mcufinder/images/
2026-03-06 13:23:01,503 [WARN] DbFile:41 - Overriding database path with different value: C:\Users\bruno\.stmcufinder\plugins\mcufinder/ => C:\Users\bruno\.stmcufinder\plugins\mcufinder
2026-03-06 13:23:01,503 [INFO] ApiDb:250 - Set database path to: C:\Users\bruno\.stmcufinder\plugins\mcufinder//mcu/
2026-03-06 13:23:01,504 [WARN] DbFile:41 - Overriding database path with different value: C:\Users\bruno\.stmcufinder\plugins\mcufinder/ => C:\Users\bruno\.stmcufinder\plugins\mcufinder
2026-03-06 13:23:01,504 [INFO] DbMcusAds:125 - Set database path to: C:\Users\bruno\.stmcufinder\plugins\mcufinder//mcu/
2026-03-06 13:23:01,504 [WARN] DbFile:41 - Overriding database path with different value: C:\Users\bruno\.stmcufinder\plugins\mcufinder/ => C:\Users\bruno\.stmcufinder\plugins\mcufinder
2026-03-06 13:23:01,505 [WARN] DbFile:41 - Overriding database path with different value: C:\Users\bruno\.stmcufinder\plugins\mcufinder/ => C:\Users\bruno\.stmcufinder\plugins\mcufinder
2026-03-06 13:23:01,505 [INFO] CrossReferenceDbSqlite:203 - Set database path to: C:\Users\bruno\.stmcufinder\plugins\mcufinder//mcu/cs/
2026-03-06 13:23:01,676 [INFO] MainPanel:274 - HeapMemory: 268435456
2026-03-06 13:23:01,946 [INFO] DbMcusXml:78 - Set database path to: D:\ST\STM32CubeIDE_1.19.0\STM32CubeIDE\plugins\com.st.stm32cube.common.mx_6.15.0.202507011659\\db\/mcu/
2026-03-06 13:23:01,946 [INFO] ApiDb:274 - Set plugin database path to: D:\ST\STM32CubeIDE_1.19.0\STM32CubeIDE\plugins\com.st.stm32cube.common.mx_6.15.0.202507011659\\db\/plugins/boardmanager/
2026-03-06 13:23:01,946 [INFO] ApiDb:261 - Set plugin images path to: D:\ST\STM32CubeIDE_1.19.0\STM32CubeIDE\plugins\com.st.stm32cube.common.mx_6.15.0.202507011659\\db\/plugins/mcufinder/images/
2026-03-06 13:23:01,947 [WARN] DbFile:41 - Overriding database path with different value: C:\Users\bruno\.stmcufinder\plugins\mcufinder/ => C:\Users\bruno\.stmcufinder\plugins\mcufinder
2026-03-06 13:23:01,947 [INFO] ApiDb:250 - Set database path to: C:\Users\bruno\.stmcufinder\plugins\mcufinder//mcu/
2026-03-06 13:23:01,948 [WARN] DbFile:41 - Overriding database path with different value: C:\Users\bruno\.stmcufinder\plugins\mcufinder/ => C:\Users\bruno\.stmcufinder\plugins\mcufinder
2026-03-06 13:23:01,948 [INFO] DbMcusAds:125 - Set database path to: C:\Users\bruno\.stmcufinder\plugins\mcufinder//mcu/
2026-03-06 13:23:01,948 [WARN] DbFile:41 - Overriding database path with different value: C:\Users\bruno\.stmcufinder\plugins\mcufinder/ => C:\Users\bruno\.stmcufinder\plugins\mcufinder
2026-03-06 13:23:01,949 [WARN] DbFile:41 - Overriding database path with different value: C:\Users\bruno\.stmcufinder\plugins\mcufinder/ => C:\Users\bruno\.stmcufinder\plugins\mcufinder
2026-03-06 13:23:01,949 [INFO] CrossReferenceDbSqlite:203 - Set database path to: C:\Users\bruno\.stmcufinder\plugins\mcufinder//mcu/cs/
2026-03-06 13:23:02,018 [INFO] ApplicationProperties:184 - Using Application install path: D:\ST\STM32CubeIDE_1.19.0\STM32CubeIDE\plugins\com.st.stm32cube.common.mx_6.15.0.202507011659
2026-03-06 13:23:02,021 [INFO] PluginManage:196 - Search for loadable plugins [exclusion list=, ]
2026-03-06 13:23:02,025 [INFO] PluginManage:310 - Check plugin analytics
2026-03-06 13:23:02,658 [INFO] AnalyticsPlugin:253 - Accepted Software Licenses: 
2026-03-06 13:23:02,658 [INFO] AnalyticsPlugin:255 - Accepted CMSIS Pack Licenses: 
2026-03-06 13:23:02,659 [INFO] AnalyticsPlugin:257 - Accepted Firmware Licenses: FW.C0.1.1.0,FW.G0.1.6.0,FW.F4.1.28.0
2026-03-06 13:23:02,663 [INFO] PluginManage:359 - Loaded plugin analytics (category:tool,tabindex:-1)
2026-03-06 13:23:02,664 [INFO] PluginManage:310 - Check plugin cadmodel
2026-03-06 13:23:02,706 [INFO] CADModel:105 - Init CAD model plugin
2026-03-06 13:23:02,707 [INFO] PluginManage:359 - Loaded plugin cadmodel (category:power,tabindex:5)
2026-03-06 13:23:02,707 [INFO] PluginManage:310 - Check plugin clock
2026-03-06 13:23:02,750 [INFO] PluginManage:359 - Loaded plugin clock (category:base,tabindex:2)
2026-03-06 13:23:02,751 [INFO] PluginManage:310 - Check plugin ddr
2026-03-06 13:23:02,782 [INFO] PluginManage:359 - Loaded plugin ddr (category:tool,tabindex:6)
2026-03-06 13:23:02,782 [INFO] PluginManage:310 - Check plugin filemanager
2026-03-06 13:23:03,437 [INFO] PluginManage:359 - Loaded plugin filemanager (category:base,tabindex:10)
2026-03-06 13:23:03,438 [INFO] PluginManage:310 - Check plugin ipmanager
2026-03-06 13:23:03,464 [INFO] PluginManage:359 - Loaded plugin ipmanager (category:base,tabindex:5)
2026-03-06 13:23:03,464 [INFO] PluginManage:310 - Check plugin lpbam
2026-03-06 13:23:03,578 [INFO] PluginManage:359 - Loaded plugin lpbam (category:base,tabindex:0)
2026-03-06 13:23:03,578 [INFO] PluginManage:310 - Check plugin memorymap
2026-03-06 13:23:03,652 [INFO] PluginManage:359 - Loaded plugin memorymap (category:base,tabindex:4)
2026-03-06 13:23:03,653 [INFO] PluginManage:310 - Check plugin pinoutandconfiguration
2026-03-06 13:23:03,726 [INFO] PluginManage:359 - Loaded plugin pinoutandconfiguration (category:base,tabindex:1)
2026-03-06 13:23:03,726 [INFO] PluginManage:310 - Check plugin pinoutconfig
2026-03-06 13:23:04,025 [WARN] SupportedApi:132 - Cannot load RTOS API schema: s4s-elt-must-match.1: The content of 'definitions' must match (annotation?, (simpleType | complexType)?, (unique | key | keyref)*)). A problem was found starting at: attribute.
2026-03-06 13:23:04,569 [INFO] PluginManage:359 - Loaded plugin pinoutconfig (category:base,tabindex:0)
2026-03-06 13:23:04,612 [INFO] PluginManage:310 - Check plugin power
2026-03-06 13:23:04,730 [INFO] PluginManage:359 - Loaded plugin power (category:power,tabindex:4)
2026-03-06 13:23:04,730 [INFO] PluginManage:310 - Check plugin projectmanager
2026-03-06 13:23:04,953 [INFO] PluginManage:359 - Loaded plugin projectmanager (category:projectmanager,tabindex:4)
2026-03-06 13:23:04,953 [INFO] PluginManage:310 - Check plugin rif
2026-03-06 13:23:05,096 [INFO] PluginManage:359 - Loaded plugin rif (category:base,tabindex:3)
2026-03-06 13:23:05,097 [INFO] PluginManage:310 - Check plugin thirdparty
2026-03-06 13:23:06,541 [INFO] PluginManage:359 - Loaded plugin thirdparty (category:base,tabindex:-1)
2026-03-06 13:23:06,542 [INFO] PluginManage:310 - Check plugin tools
2026-03-06 13:23:06,550 [WARN] IntegrityCheckThread:84 - waiting for thirdparty lock release [integrity check]
2026-03-06 13:23:06,552 [INFO] IntegrityCheckThread:86 - entering critical section [integrity check]
2026-03-06 13:23:06,552 [INFO] ThirdPartyUpdaterWithRetryManager:70 - Updater plugin not ready yet. [1/15]
2026-03-06 13:23:06,650 [INFO] PluginManage:359 - Loaded plugin tools (category:base,tabindex:7)
2026-03-06 13:23:06,650 [INFO] PluginManage:310 - Check plugin tutovideos
2026-03-06 13:23:07,644 [INFO] PluginManage:359 - Loaded plugin tutovideos (category:base,tabindex:-1)
2026-03-06 13:23:07,644 [INFO] PluginManage:310 - Check plugin updater
2026-03-06 13:23:07,709 [INFO] PluginManage:359 - Loaded plugin updater (category:base,tabindex:12)
2026-03-06 13:23:07,709 [INFO] PluginManage:310 - Check plugin userauth
2026-03-06 13:23:07,744 [INFO] UserAuth:118 - Init User Auth plugin
2026-03-06 13:23:07,751 [INFO] PluginManage:359 - Loaded plugin userauth (category:base,tabindex:14)
2026-03-06 13:23:07,752 [INFO] PluginManage:283 - PluginManage : Loaded plugins [18]
